<?xml version="1.0" encoding="UTF-8"?>
<!-- Generated by org.testng.reporters.JUnitReportReporter -->
<testsuite hostname="Anus-MBP.attlocal.net" failures="0" tests="3" name="com.JenkinsProject.testcases.TestClass1" time="11.164" errors="0" timestamp="2022-11-06T18:01:04 GMT-08:00" skipped="0">
  <testcase classname="com.JenkinsProject.testcases.TestClass1" name="method2" time="4.036"/>
  <system-out/>
  <testcase classname="com.JenkinsProject.testcases.TestClass1" name="method3" time="3.566"/>
  <system-out/>
  <testcase classname="com.JenkinsProject.testcases.TestClass1" name="method1" time="3.562"/>
  <system-out/>
</testsuite> <!-- com.JenkinsProject.testcases.TestClass1 -->
