<?xml version="1.0" encoding="UTF-8"?>
<!-- Generated by org.testng.reporters.JUnitReportReporter -->
<testsuite hostname="Anus-MBP.attlocal.net" failures="0" tests="5" name="com.JenkinsProject.testcases.TestClass2" time="0.008" errors="0" timestamp="2022-11-06T18:01:04 GMT-08:00" skipped="0">
  <testcase classname="com.JenkinsProject.testcases.TestClass2" name="method3" time="0.002"/>
  <system-out/>
  <testcase classname="com.JenkinsProject.testcases.TestClass2" name="method1" time="0.001"/>
  <system-out/>
  <testcase classname="com.JenkinsProject.testcases.TestClass2" name="method4" time="0.002"/>
  <system-out/>
  <testcase classname="com.JenkinsProject.testcases.TestClass2" name="method5" time="0.001"/>
  <system-out/>
  <testcase classname="com.JenkinsProject.testcases.TestClass2" name="method2" time="0.002"/>
  <system-out/>
</testsuite> <!-- com.JenkinsProject.testcases.TestClass2 -->
